{"/Users/korneliaoles/Futureproof/Week10/Kakuna_Matata_Serverside/dbConfig.js": {"path":"/Users/korneliaoles/Futureproof/Week10/Kakuna_Matata_Serverside/dbConfig.js","statementMap":{"0":{"start":{"line":1,"column":24},"end":{"line":1,"column":42}},"1":{"start":{"line":2,"column":15},"end":{"line":2,"column":32}},"2":{"start":{"line":3,"column":0},"end":{"line":3,"column":15}},"3":{"start":{"line":4,"column":22},"end":{"line":4,"column":45}},"4":{"start":{"line":5,"column":15},"end":{"line":5,"column":34}},"5":{"start":{"line":7,"column":13},"end":{"line":11,"column":1}},"6":{"start":{"line":8,"column":15},"end":{"line":8,"column":55}},"7":{"start":{"line":9,"column":2},"end":{"line":9,"column":47}},"8":{"start":{"line":10,"column":2},"end":{"line":10,"column":26}},"9":{"start":{"line":14,"column":0},"end":{"line":14,"column":26}}},"fnMap":{"0":{"name":"(anonymous_0)","decl":{"start":{"line":7,"column":13},"end":{"line":7,"column":14}},"loc":{"start":{"line":7,"column":25},"end":{"line":11,"column":1}},"line":7}},"branchMap":{},"s":{"0":3,"1":3,"2":3,"3":3,"4":3,"5":3,"6":1,"7":1,"8":1,"9":3},"f":{"0":1},"b":{},"_coverageSchema":"1a1c01bbd47fc00a2c39e90264f33305004495a9","hash":"bf8971f248fb858f5f66bafbb036c20f60702852"}
,"/Users/korneliaoles/Futureproof/Week10/Kakuna_Matata_Serverside/server.js": {"path":"/Users/korneliaoles/Futureproof/Week10/Kakuna_Matata_Serverside/server.js","statementMap":{"0":{"start":{"line":1,"column":16},"end":{"line":1,"column":34}},"1":{"start":{"line":2,"column":12},"end":{"line":2,"column":21}},"2":{"start":{"line":3,"column":15},"end":{"line":3,"column":48}},"3":{"start":{"line":4,"column":11},"end":{"line":8,"column":2}},"4":{"start":{"line":10,"column":11},"end":{"line":10,"column":26}},"5":{"start":{"line":11,"column":0},"end":{"line":11,"column":15}},"6":{"start":{"line":12,"column":0},"end":{"line":12,"column":24}},"7":{"start":{"line":15,"column":20},"end":{"line":15,"column":51}},"8":{"start":{"line":16,"column":21},"end":{"line":16,"column":48}},"9":{"start":{"line":17,"column":0},"end":{"line":17,"column":53}},"10":{"start":{"line":17,"column":27},"end":{"line":17,"column":52}},"11":{"start":{"line":18,"column":0},"end":{"line":18,"column":31}},"12":{"start":{"line":19,"column":0},"end":{"line":19,"column":33}},"13":{"start":{"line":24,"column":19},"end":{"line":33,"column":1}},"14":{"start":{"line":25,"column":23},"end":{"line":25,"column":87}},"15":{"start":{"line":26,"column":29},"end":{"line":26,"column":46}},"16":{"start":{"line":28,"column":17},"end":{"line":28,"column":19}},"17":{"start":{"line":29,"column":4},"end":{"line":30,"column":81}},"18":{"start":{"line":29,"column":17},"end":{"line":29,"column":18}},"19":{"start":{"line":30,"column":8},"end":{"line":30,"column":81}},"20":{"start":{"line":32,"column":4},"end":{"line":32,"column":17}},"21":{"start":{"line":35,"column":0},"end":{"line":81,"column":2}},"22":{"start":{"line":36,"column":25},"end":{"line":36,"column":47}},"23":{"start":{"line":37,"column":20},"end":{"line":37,"column":38}},"24":{"start":{"line":43,"column":4},"end":{"line":43,"column":106}},"25":{"start":{"line":45,"column":4},"end":{"line":47,"column":6}},"26":{"start":{"line":46,"column":8},"end":{"line":46,"column":70}},"27":{"start":{"line":49,"column":4},"end":{"line":64,"column":6}},"28":{"start":{"line":50,"column":24},"end":{"line":50,"column":42}},"29":{"start":{"line":51,"column":22},"end":{"line":51,"column":35}},"30":{"start":{"line":54,"column":21},"end":{"line":54,"column":48}},"31":{"start":{"line":55,"column":8},"end":{"line":55,"column":24}},"32":{"start":{"line":56,"column":8},"end":{"line":56,"column":52}},"33":{"start":{"line":58,"column":8},"end":{"line":60,"column":36}},"34":{"start":{"line":59,"column":12},"end":{"line":59,"column":49}},"35":{"start":{"line":62,"column":8},"end":{"line":62,"column":83}},"36":{"start":{"line":63,"column":8},"end":{"line":63,"column":28}},"37":{"start":{"line":66,"column":4},"end":{"line":80,"column":6}},"38":{"start":{"line":67,"column":24},"end":{"line":67,"column":42}},"39":{"start":{"line":68,"column":22},"end":{"line":68,"column":35}},"40":{"start":{"line":69,"column":8},"end":{"line":69,"column":46}},"41":{"start":{"line":71,"column":21},"end":{"line":71,"column":48}},"42":{"start":{"line":72,"column":8},"end":{"line":72,"column":24}},"43":{"start":{"line":73,"column":8},"end":{"line":73,"column":52}},"44":{"start":{"line":75,"column":8},"end":{"line":76,"column":29}},"45":{"start":{"line":76,"column":12},"end":{"line":76,"column":29}},"46":{"start":{"line":78,"column":8},"end":{"line":78,"column":50}},"47":{"start":{"line":83,"column":0},"end":{"line":97,"column":2}},"48":{"start":{"line":84,"column":20},"end":{"line":84,"column":38}},"49":{"start":{"line":87,"column":4},"end":{"line":88,"column":14}},"50":{"start":{"line":88,"column":8},"end":{"line":88,"column":14}},"51":{"start":{"line":90,"column":4},"end":{"line":90,"column":41}},"52":{"start":{"line":99,"column":0},"end":{"line":103,"column":2}},"53":{"start":{"line":100,"column":4},"end":{"line":100,"column":56}},"54":{"start":{"line":105,"column":0},"end":{"line":116,"column":2}},"55":{"start":{"line":106,"column":20},"end":{"line":106,"column":38}},"56":{"start":{"line":107,"column":17},"end":{"line":107,"column":37}},"57":{"start":{"line":110,"column":4},"end":{"line":111,"column":14}},"58":{"start":{"line":111,"column":8},"end":{"line":111,"column":14}},"59":{"start":{"line":113,"column":4},"end":{"line":113,"column":51}},"60":{"start":{"line":114,"column":4},"end":{"line":114,"column":40}},"61":{"start":{"line":115,"column":4},"end":{"line":115,"column":99}},"62":{"start":{"line":118,"column":0},"end":{"line":125,"column":2}},"63":{"start":{"line":119,"column":20},"end":{"line":119,"column":38}},"64":{"start":{"line":121,"column":4},"end":{"line":121,"column":60}},"65":{"start":{"line":122,"column":4},"end":{"line":122,"column":41}},"66":{"start":{"line":127,"column":0},"end":{"line":127,"column":20}}},"fnMap":{"0":{"name":"(anonymous_0)","decl":{"start":{"line":17,"column":13},"end":{"line":17,"column":14}},"loc":{"start":{"line":17,"column":27},"end":{"line":17,"column":52}},"line":17},"1":{"name":"(anonymous_1)","decl":{"start":{"line":24,"column":19},"end":{"line":24,"column":20}},"loc":{"start":{"line":24,"column":29},"end":{"line":33,"column":1}},"line":24},"2":{"name":"(anonymous_2)","decl":{"start":{"line":35,"column":20},"end":{"line":35,"column":21}},"loc":{"start":{"line":35,"column":30},"end":{"line":81,"column":1}},"line":35},"3":{"name":"(anonymous_3)","decl":{"start":{"line":45,"column":28},"end":{"line":45,"column":29}},"loc":{"start":{"line":45,"column":38},"end":{"line":47,"column":5}},"line":45},"4":{"name":"(anonymous_4)","decl":{"start":{"line":49,"column":33},"end":{"line":49,"column":34}},"loc":{"start":{"line":49,"column":47},"end":{"line":64,"column":5}},"line":49},"5":{"name":"(anonymous_5)","decl":{"start":{"line":66,"column":36},"end":{"line":66,"column":37}},"loc":{"start":{"line":66,"column":54},"end":{"line":80,"column":5}},"line":66},"6":{"name":"(anonymous_6)","decl":{"start":{"line":83,"column":37},"end":{"line":83,"column":38}},"loc":{"start":{"line":83,"column":47},"end":{"line":97,"column":1}},"line":83},"7":{"name":"(anonymous_7)","decl":{"start":{"line":99,"column":37},"end":{"line":99,"column":38}},"loc":{"start":{"line":99,"column":47},"end":{"line":103,"column":1}},"line":99},"8":{"name":"(anonymous_8)","decl":{"start":{"line":105,"column":35},"end":{"line":105,"column":36}},"loc":{"start":{"line":105,"column":49},"end":{"line":116,"column":1}},"line":105},"9":{"name":"(anonymous_9)","decl":{"start":{"line":118,"column":36},"end":{"line":118,"column":37}},"loc":{"start":{"line":118,"column":50},"end":{"line":125,"column":1}},"line":118}},"branchMap":{"0":{"loc":{"start":{"line":43,"column":69},"end":{"line":43,"column":96}},"type":"cond-expr","locations":[{"start":{"line":43,"column":88},"end":{"line":43,"column":91}},{"start":{"line":43,"column":94},"end":{"line":43,"column":96}}],"line":43},"1":{"loc":{"start":{"line":75,"column":8},"end":{"line":76,"column":29}},"type":"if","locations":[{"start":{"line":75,"column":8},"end":{"line":76,"column":29}},{"start":{},"end":{}}],"line":75},"2":{"loc":{"start":{"line":87,"column":4},"end":{"line":88,"column":14}},"type":"if","locations":[{"start":{"line":87,"column":4},"end":{"line":88,"column":14}},{"start":{},"end":{}}],"line":87},"3":{"loc":{"start":{"line":110,"column":4},"end":{"line":111,"column":14}},"type":"if","locations":[{"start":{"line":110,"column":4},"end":{"line":111,"column":14}},{"start":{},"end":{}}],"line":110}},"s":{"0":1,"1":1,"2":1,"3":1,"4":1,"5":1,"6":1,"7":1,"8":1,"9":1,"10":1,"11":1,"12":1,"13":1,"14":0,"15":0,"16":0,"17":0,"18":0,"19":0,"20":0,"21":1,"22":0,"23":0,"24":0,"25":0,"26":0,"27":0,"28":0,"29":0,"30":0,"31":0,"32":0,"33":0,"34":0,"35":0,"36":0,"37":0,"38":0,"39":0,"40":0,"41":0,"42":0,"43":0,"44":0,"45":0,"46":0,"47":1,"48":0,"49":0,"50":0,"51":0,"52":1,"53":0,"54":1,"55":0,"56":0,"57":0,"58":0,"59":0,"60":0,"61":0,"62":1,"63":0,"64":0,"65":0,"66":1},"f":{"0":1,"1":0,"2":0,"3":0,"4":0,"5":0,"6":0,"7":0,"8":0,"9":0},"b":{"0":[0,0],"1":[0,0],"2":[0,0],"3":[0,0]},"_coverageSchema":"1a1c01bbd47fc00a2c39e90264f33305004495a9","hash":"591400096282fd8b26c4f62c457fb52deeff79f4"}
,"/Users/korneliaoles/Futureproof/Week10/Kakuna_Matata_Serverside/controllers/pokemon.js": {"path":"/Users/korneliaoles/Futureproof/Week10/Kakuna_Matata_Serverside/controllers/pokemon.js","statementMap":{"0":{"start":{"line":1,"column":24},"end":{"line":1,"column":53}},"1":{"start":{"line":4,"column":4},"end":{"line":13,"column":5}},"2":{"start":{"line":6,"column":21},"end":{"line":6,"column":46}},"3":{"start":{"line":7,"column":8},"end":{"line":7,"column":83}},"4":{"start":{"line":8,"column":24},"end":{"line":8,"column":48}},"5":{"start":{"line":9,"column":22},"end":{"line":9,"column":60}},"6":{"start":{"line":9,"column":50},"end":{"line":9,"column":59}},"7":{"start":{"line":10,"column":8},"end":{"line":10,"column":35}},"8":{"start":{"line":12,"column":8},"end":{"line":12,"column":35}},"9":{"start":{"line":17,"column":4},"end":{"line":27,"column":5}},"10":{"start":{"line":18,"column":28},"end":{"line":18,"column":95}},"11":{"start":{"line":19,"column":24},"end":{"line":19,"column":48}},"12":{"start":{"line":20,"column":23},"end":{"line":23,"column":9}},"13":{"start":{"line":24,"column":8},"end":{"line":24,"column":36}},"14":{"start":{"line":26,"column":8},"end":{"line":26,"column":35}},"15":{"start":{"line":30,"column":0},"end":{"line":30,"column":30}}},"fnMap":{"0":{"name":"index","decl":{"start":{"line":3,"column":15},"end":{"line":3,"column":20}},"loc":{"start":{"line":3,"column":32},"end":{"line":14,"column":1}},"line":3},"1":{"name":"(anonymous_1)","decl":{"start":{"line":9,"column":42},"end":{"line":9,"column":43}},"loc":{"start":{"line":9,"column":50},"end":{"line":9,"column":59}},"line":9},"2":{"name":"show","decl":{"start":{"line":16,"column":15},"end":{"line":16,"column":19}},"loc":{"start":{"line":16,"column":31},"end":{"line":28,"column":1}},"line":16}},"branchMap":{},"s":{"0":2,"1":1,"2":1,"3":0,"4":0,"5":0,"6":0,"7":0,"8":1,"9":0,"10":0,"11":0,"12":0,"13":0,"14":0,"15":2},"f":{"0":1,"1":0,"2":0},"b":{},"_coverageSchema":"1a1c01bbd47fc00a2c39e90264f33305004495a9","hash":"1d9bbc12063c03b9d7199a4d829c2400d63bcd97"}
,"/Users/korneliaoles/Futureproof/Week10/Kakuna_Matata_Serverside/controllers/users.js": {"path":"/Users/korneliaoles/Futureproof/Week10/Kakuna_Matata_Serverside/controllers/users.js","statementMap":{"0":{"start":{"line":1,"column":13},"end":{"line":1,"column":38}},"1":{"start":{"line":4,"column":2},"end":{"line":9,"column":3}},"2":{"start":{"line":5,"column":16},"end":{"line":5,"column":32}},"3":{"start":{"line":6,"column":4},"end":{"line":6,"column":32}},"4":{"start":{"line":8,"column":4},"end":{"line":8,"column":31}},"5":{"start":{"line":13,"column":2},"end":{"line":20,"column":3}},"6":{"start":{"line":14,"column":28},"end":{"line":14,"column":36}},"7":{"start":{"line":15,"column":16},"end":{"line":15,"column":48}},"8":{"start":{"line":16,"column":4},"end":{"line":16,"column":32}},"9":{"start":{"line":18,"column":4},"end":{"line":18,"column":31}},"10":{"start":{"line":19,"column":4},"end":{"line":19,"column":25}},"11":{"start":{"line":24,"column":2},"end":{"line":31,"column":3}},"12":{"start":{"line":25,"column":17},"end":{"line":25,"column":25}},"13":{"start":{"line":26,"column":16},"end":{"line":26,"column":36}},"14":{"start":{"line":27,"column":4},"end":{"line":27,"column":32}},"15":{"start":{"line":29,"column":4},"end":{"line":29,"column":31}},"16":{"start":{"line":30,"column":4},"end":{"line":30,"column":25}},"17":{"start":{"line":34,"column":0},"end":{"line":34,"column":45}}},"fnMap":{"0":{"name":"getAllUsers","decl":{"start":{"line":3,"column":15},"end":{"line":3,"column":26}},"loc":{"start":{"line":3,"column":38},"end":{"line":10,"column":1}},"line":3},"1":{"name":"update","decl":{"start":{"line":12,"column":15},"end":{"line":12,"column":21}},"loc":{"start":{"line":12,"column":33},"end":{"line":21,"column":1}},"line":12},"2":{"name":"add","decl":{"start":{"line":23,"column":15},"end":{"line":23,"column":18}},"loc":{"start":{"line":23,"column":30},"end":{"line":32,"column":1}},"line":23}},"branchMap":{},"s":{"0":2,"1":2,"2":2,"3":2,"4":0,"5":1,"6":1,"7":1,"8":1,"9":0,"10":0,"11":1,"12":1,"13":1,"14":1,"15":0,"16":0,"17":2},"f":{"0":2,"1":1,"2":1},"b":{},"_coverageSchema":"1a1c01bbd47fc00a2c39e90264f33305004495a9","hash":"16c21f9890d045e8ff0af40d53e1356d66609d0c"}
,"/Users/korneliaoles/Futureproof/Week10/Kakuna_Matata_Serverside/helpers/helpers.js": {"path":"/Users/korneliaoles/Futureproof/Week10/Kakuna_Matata_Serverside/helpers/helpers.js","statementMap":{"0":{"start":{"line":1,"column":17},"end":{"line":41,"column":1}},"1":{"start":{"line":46,"column":4},"end":{"line":73,"column":5}},"2":{"start":{"line":48,"column":12},"end":{"line":48,"column":40}},"3":{"start":{"line":49,"column":12},"end":{"line":49,"column":18}},"4":{"start":{"line":51,"column":12},"end":{"line":51,"column":40}},"5":{"start":{"line":52,"column":12},"end":{"line":52,"column":18}},"6":{"start":{"line":54,"column":12},"end":{"line":54,"column":40}},"7":{"start":{"line":55,"column":12},"end":{"line":55,"column":18}},"8":{"start":{"line":57,"column":12},"end":{"line":57,"column":40}},"9":{"start":{"line":58,"column":12},"end":{"line":58,"column":18}},"10":{"start":{"line":60,"column":12},"end":{"line":60,"column":40}},"11":{"start":{"line":61,"column":12},"end":{"line":61,"column":18}},"12":{"start":{"line":63,"column":12},"end":{"line":63,"column":40}},"13":{"start":{"line":64,"column":12},"end":{"line":64,"column":18}},"14":{"start":{"line":66,"column":12},"end":{"line":66,"column":40}},"15":{"start":{"line":67,"column":12},"end":{"line":67,"column":18}},"16":{"start":{"line":69,"column":12},"end":{"line":69,"column":40}},"17":{"start":{"line":70,"column":12},"end":{"line":70,"column":18}},"18":{"start":{"line":72,"column":12},"end":{"line":72,"column":18}},"19":{"start":{"line":74,"column":4},"end":{"line":101,"column":5}},"20":{"start":{"line":76,"column":12},"end":{"line":76,"column":45}},"21":{"start":{"line":77,"column":12},"end":{"line":77,"column":18}},"22":{"start":{"line":79,"column":12},"end":{"line":79,"column":45}},"23":{"start":{"line":80,"column":12},"end":{"line":80,"column":18}},"24":{"start":{"line":82,"column":12},"end":{"line":82,"column":45}},"25":{"start":{"line":83,"column":12},"end":{"line":83,"column":18}},"26":{"start":{"line":85,"column":12},"end":{"line":85,"column":45}},"27":{"start":{"line":86,"column":12},"end":{"line":86,"column":18}},"28":{"start":{"line":88,"column":12},"end":{"line":88,"column":45}},"29":{"start":{"line":89,"column":12},"end":{"line":89,"column":18}},"30":{"start":{"line":91,"column":12},"end":{"line":91,"column":45}},"31":{"start":{"line":92,"column":12},"end":{"line":92,"column":18}},"32":{"start":{"line":94,"column":12},"end":{"line":94,"column":45}},"33":{"start":{"line":95,"column":12},"end":{"line":95,"column":18}},"34":{"start":{"line":97,"column":12},"end":{"line":97,"column":45}},"35":{"start":{"line":98,"column":12},"end":{"line":98,"column":18}},"36":{"start":{"line":100,"column":12},"end":{"line":100,"column":18}},"37":{"start":{"line":102,"column":4},"end":{"line":102,"column":44}},"38":{"start":{"line":105,"column":0},"end":{"line":105,"column":32}}},"fnMap":{"0":{"name":"gen","decl":{"start":{"line":43,"column":9},"end":{"line":43,"column":12}},"loc":{"start":{"line":43,"column":49},"end":{"line":103,"column":1}},"line":43}},"branchMap":{"0":{"loc":{"start":{"line":43,"column":26},"end":{"line":43,"column":46}},"type":"default-arg","locations":[{"start":{"line":43,"column":37},"end":{"line":43,"column":46}}],"line":43},"1":{"loc":{"start":{"line":46,"column":4},"end":{"line":73,"column":5}},"type":"switch","locations":[{"start":{"line":47,"column":8},"end":{"line":49,"column":18}},{"start":{"line":50,"column":8},"end":{"line":52,"column":18}},{"start":{"line":53,"column":8},"end":{"line":55,"column":18}},{"start":{"line":56,"column":8},"end":{"line":58,"column":18}},{"start":{"line":59,"column":8},"end":{"line":61,"column":18}},{"start":{"line":62,"column":8},"end":{"line":64,"column":18}},{"start":{"line":65,"column":8},"end":{"line":67,"column":18}},{"start":{"line":68,"column":8},"end":{"line":70,"column":18}},{"start":{"line":71,"column":8},"end":{"line":72,"column":18}}],"line":46},"2":{"loc":{"start":{"line":74,"column":4},"end":{"line":101,"column":5}},"type":"switch","locations":[{"start":{"line":75,"column":8},"end":{"line":77,"column":18}},{"start":{"line":78,"column":8},"end":{"line":80,"column":18}},{"start":{"line":81,"column":8},"end":{"line":83,"column":18}},{"start":{"line":84,"column":8},"end":{"line":86,"column":18}},{"start":{"line":87,"column":8},"end":{"line":89,"column":18}},{"start":{"line":90,"column":8},"end":{"line":92,"column":18}},{"start":{"line":93,"column":8},"end":{"line":95,"column":18}},{"start":{"line":96,"column":8},"end":{"line":98,"column":18}},{"start":{"line":99,"column":8},"end":{"line":100,"column":18}}],"line":74}},"s":{"0":2,"1":0,"2":0,"3":0,"4":0,"5":0,"6":0,"7":0,"8":0,"9":0,"10":0,"11":0,"12":0,"13":0,"14":0,"15":0,"16":0,"17":0,"18":0,"19":0,"20":0,"21":0,"22":0,"23":0,"24":0,"25":0,"26":0,"27":0,"28":0,"29":0,"30":0,"31":0,"32":0,"33":0,"34":0,"35":0,"36":0,"37":0,"38":2},"f":{"0":0},"b":{"0":[0],"1":[0,0,0,0,0,0,0,0,0],"2":[0,0,0,0,0,0,0,0,0]},"_coverageSchema":"1a1c01bbd47fc00a2c39e90264f33305004495a9","hash":"0c12aac7a40e984451e427719cbe410d328cab2b"}
,"/Users/korneliaoles/Futureproof/Week10/Kakuna_Matata_Serverside/models/User.js": {"path":"/Users/korneliaoles/Futureproof/Week10/Kakuna_Matata_Serverside/models/User.js","statementMap":{"0":{"start":{"line":1,"column":17},"end":{"line":1,"column":39}},"1":{"start":{"line":2,"column":21},"end":{"line":2,"column":39}},"2":{"start":{"line":6,"column":4},"end":{"line":6,"column":26}},"3":{"start":{"line":7,"column":4},"end":{"line":7,"column":28}},"4":{"start":{"line":11,"column":4},"end":{"line":20,"column":7}},"5":{"start":{"line":12,"column":6},"end":{"line":19,"column":7}},"6":{"start":{"line":13,"column":19},"end":{"line":13,"column":31}},"7":{"start":{"line":14,"column":26},"end":{"line":14,"column":71}},"8":{"start":{"line":15,"column":20},"end":{"line":15,"column":79}},"9":{"start":{"line":15,"column":43},"end":{"line":15,"column":78}},"10":{"start":{"line":16,"column":8},"end":{"line":16,"column":23}},"11":{"start":{"line":18,"column":8},"end":{"line":18,"column":29}},"12":{"start":{"line":24,"column":4},"end":{"line":33,"column":7}},"13":{"start":{"line":25,"column":6},"end":{"line":32,"column":7}},"14":{"start":{"line":26,"column":32},"end":{"line":26,"column":38}},"15":{"start":{"line":27,"column":19},"end":{"line":27,"column":31}},"16":{"start":{"line":28,"column":27},"end":{"line":28,"column":124}},"17":{"start":{"line":29,"column":8},"end":{"line":29,"column":28}},"18":{"start":{"line":31,"column":8},"end":{"line":31,"column":52}},"19":{"start":{"line":37,"column":4},"end":{"line":46,"column":7}},"20":{"start":{"line":38,"column":6},"end":{"line":45,"column":7}},"21":{"start":{"line":39,"column":30},"end":{"line":39,"column":34}},"22":{"start":{"line":40,"column":19},"end":{"line":40,"column":31}},"23":{"start":{"line":41,"column":27},"end":{"line":41,"column":95}},"24":{"start":{"line":42,"column":8},"end":{"line":42,"column":28}},"25":{"start":{"line":44,"column":8},"end":{"line":44,"column":52}},"26":{"start":{"line":49,"column":2},"end":{"line":49,"column":24}}},"fnMap":{"0":{"name":"(anonymous_0)","decl":{"start":{"line":5,"column":2},"end":{"line":5,"column":3}},"loc":{"start":{"line":5,"column":20},"end":{"line":8,"column":3}},"line":5},"1":{"name":"(anonymous_1)","decl":{"start":{"line":10,"column":2},"end":{"line":10,"column":3}},"loc":{"start":{"line":10,"column":15},"end":{"line":21,"column":3}},"line":10},"2":{"name":"(anonymous_2)","decl":{"start":{"line":11,"column":23},"end":{"line":11,"column":24}},"loc":{"start":{"line":11,"column":50},"end":{"line":20,"column":5}},"line":11},"3":{"name":"(anonymous_3)","decl":{"start":{"line":15,"column":35},"end":{"line":15,"column":36}},"loc":{"start":{"line":15,"column":43},"end":{"line":15,"column":78}},"line":15},"4":{"name":"(anonymous_4)","decl":{"start":{"line":23,"column":2},"end":{"line":23,"column":3}},"loc":{"start":{"line":23,"column":31},"end":{"line":34,"column":3}},"line":23},"5":{"name":"(anonymous_5)","decl":{"start":{"line":24,"column":23},"end":{"line":24,"column":24}},"loc":{"start":{"line":24,"column":50},"end":{"line":33,"column":5}},"line":24},"6":{"name":"(anonymous_6)","decl":{"start":{"line":36,"column":2},"end":{"line":36,"column":3}},"loc":{"start":{"line":36,"column":19},"end":{"line":47,"column":3}},"line":36},"7":{"name":"(anonymous_7)","decl":{"start":{"line":37,"column":23},"end":{"line":37,"column":24}},"loc":{"start":{"line":37,"column":50},"end":{"line":46,"column":5}},"line":37}},"branchMap":{},"s":{"0":3,"1":3,"2":7,"3":7,"4":1,"5":1,"6":1,"7":1,"8":1,"9":3,"10":1,"11":0,"12":0,"13":0,"14":0,"15":0,"16":0,"17":0,"18":0,"19":0,"20":0,"21":0,"22":0,"23":0,"24":0,"25":0,"26":3},"f":{"0":7,"1":1,"2":1,"3":3,"4":0,"5":0,"6":0,"7":0},"b":{},"_coverageSchema":"1a1c01bbd47fc00a2c39e90264f33305004495a9","hash":"555f90d594a87cba5f8cdfc8595225f00c29594d"}
,"/Users/korneliaoles/Futureproof/Week10/Kakuna_Matata_Serverside/routes/pokemon.js": {"path":"/Users/korneliaoles/Futureproof/Week10/Kakuna_Matata_Serverside/routes/pokemon.js","statementMap":{"0":{"start":{"line":1,"column":16},"end":{"line":1,"column":34}},"1":{"start":{"line":2,"column":15},"end":{"line":2,"column":31}},"2":{"start":{"line":3,"column":26},"end":{"line":3,"column":59}},"3":{"start":{"line":5,"column":0},"end":{"line":5,"column":48}},"4":{"start":{"line":6,"column":0},"end":{"line":6,"column":44}},"5":{"start":{"line":8,"column":0},"end":{"line":8,"column":23}}},"fnMap":{},"branchMap":{},"s":{"0":1,"1":1,"2":1,"3":1,"4":1,"5":1},"f":{},"b":{},"_coverageSchema":"1a1c01bbd47fc00a2c39e90264f33305004495a9","hash":"96686c36b875c5230e80d5554e4ccd81e845b4bd"}
,"/Users/korneliaoles/Futureproof/Week10/Kakuna_Matata_Serverside/routes/usersRoutes.js": {"path":"/Users/korneliaoles/Futureproof/Week10/Kakuna_Matata_Serverside/routes/usersRoutes.js","statementMap":{"0":{"start":{"line":1,"column":16},"end":{"line":1,"column":34}},"1":{"start":{"line":2,"column":15},"end":{"line":2,"column":31}},"2":{"start":{"line":3,"column":25},"end":{"line":3,"column":56}},"3":{"start":{"line":6,"column":0},"end":{"line":6,"column":45}},"4":{"start":{"line":7,"column":0},"end":{"line":7,"column":40}},"5":{"start":{"line":8,"column":0},"end":{"line":8,"column":38}},"6":{"start":{"line":11,"column":0},"end":{"line":11,"column":24}}},"fnMap":{},"branchMap":{},"s":{"0":1,"1":1,"2":1,"3":1,"4":1,"5":1,"6":1},"f":{},"b":{},"_coverageSchema":"1a1c01bbd47fc00a2c39e90264f33305004495a9","hash":"e236761eaeeebd97a89aab8b394cc22526dcef40"}
,"/Users/korneliaoles/Futureproof/Week10/Kakuna_Matata_Serverside/test/config.js": {"path":"/Users/korneliaoles/Futureproof/Week10/Kakuna_Matata_Serverside/test/config.js","statementMap":{"0":{"start":{"line":1,"column":16},"end":{"line":1,"column":36}},"1":{"start":{"line":4,"column":24},"end":{"line":4,"column":42}},"2":{"start":{"line":5,"column":15},"end":{"line":5,"column":32}},"3":{"start":{"line":6,"column":0},"end":{"line":6,"column":16}},"4":{"start":{"line":9,"column":22},"end":{"line":9,"column":45}},"5":{"start":{"line":11,"column":0},"end":{"line":11,"column":27}},"6":{"start":{"line":12,"column":15},"end":{"line":12,"column":34}},"7":{"start":{"line":14,"column":13},"end":{"line":23,"column":3}},"8":{"start":{"line":26,"column":4},"end":{"line":38,"column":9}},"9":{"start":{"line":27,"column":8},"end":{"line":34,"column":9}},"10":{"start":{"line":28,"column":23},"end":{"line":28,"column":63}},"11":{"start":{"line":29,"column":10},"end":{"line":29,"column":65}},"12":{"start":{"line":30,"column":10},"end":{"line":30,"column":63}},"13":{"start":{"line":31,"column":10},"end":{"line":31,"column":28}},"14":{"start":{"line":33,"column":10},"end":{"line":33,"column":55}},"15":{"start":{"line":36,"column":8},"end":{"line":36,"column":54}},"16":{"start":{"line":42,"column":0},"end":{"line":42,"column":25}},"17":{"start":{"line":45,"column":0},"end":{"line":45,"column":39}},"18":{"start":{"line":46,"column":0},"end":{"line":46,"column":29}}},"fnMap":{"0":{"name":"resetTestDB","decl":{"start":{"line":25,"column":9},"end":{"line":25,"column":20}},"loc":{"start":{"line":25,"column":24},"end":{"line":39,"column":1}},"line":25},"1":{"name":"(anonymous_1)","decl":{"start":{"line":26,"column":23},"end":{"line":26,"column":24}},"loc":{"start":{"line":26,"column":50},"end":{"line":38,"column":7}},"line":26}},"branchMap":{"0":{"loc":{"start":{"line":45,"column":14},"end":{"line":45,"column":38}},"type":"binary-expr","locations":[{"start":{"line":45,"column":14},"end":{"line":45,"column":30}},{"start":{"line":45,"column":34},"end":{"line":45,"column":38}}],"line":45}},"s":{"0":1,"1":1,"2":1,"3":1,"4":1,"5":1,"6":1,"7":1,"8":2,"9":2,"10":2,"11":2,"12":2,"13":2,"14":0,"15":2,"16":1,"17":1,"18":1},"f":{"0":2,"1":2},"b":{"0":[1,1]},"_coverageSchema":"1a1c01bbd47fc00a2c39e90264f33305004495a9","hash":"133793ace42470c6402951568360cc1ba4b6aaeb"}
}
